{"content": {"suites": {"0": {"status": {"total_pass": 1, "total_skip": 0, "total_xpass": 0, "total_xfail": 0, "total_rerun": 0, "total_fail": 0, "total_error": 0}, "tests": {"0": {"status": "PASS", "message": "", "test_name": "test_add_car", "rerun": "0"}}, "suite_name": "tests/test_garage_page.py"}, "1": {"suite_name": "tests/test_instructions_page.py", "tests": {"0": {"status": "FAIL", "message": "   selenium.common.exceptions.TimeoutException: Message: \n   Stacktrace:\n   #0 0x559e23e1b31a <unknown>\n   #1 0x559e239316e0 <unknown>\n   #2 0x559e239803e6 <unknown>\n   #3 0x559e23980681 <unknown>\n   #4 0x559e239c5b04 <unknown>\n   #5 0x559e239a448d <unknown>\n   #6 0x559e239c2ed7 <unknown>\n   #7 0x559e239a4203 <unknown>\n   #8 0x559e23972cc0 <unknown>\n   #9 0x559e23973c9e <unknown>\n   #10 0x559e23de8d0b <unknown>\n   #11 0x559e23decc92 <unknown>\n   #12 0x559e23dd5b3c <unknown>\n   #13 0x559e23ded807 <unknown>\n   #14 0x559e23dbb0df <unknown>\n   #15 0x559e23e0a578 <unknown>\n   #16 0x559e23e0a740 <unknown>\n   #17 0x559e23e1a196 <unknown>\n   #18 0x7fab53f36a94 <unknown>\n   #19 0x7fab53fc3c3c <unknown>\n       selenium.common.exceptions.NoSuchElementException: Message: No element found with locator button.header-link.-guest; For documentation on this error, please visit: https://www.selenium.dev/documentation/webdriver/troubleshooting/errors#no-such-element-exception\n", "test_name": "test_add_car", "rerun": "0"}}, "status": {"total_pass": 0, "total_skip": 0, "total_xpass": 0, "total_xfail": 0, "total_rerun": 0, "total_fail": 1, "total_error": 0}}, "2": {"suite_name": "tests/test_waits.py", "tests": {"0": {"status": "SKIP", "message": "('C:\\\\Users\\\\feshv\\\\hillel_py\\\\lesson_29_separate_project\\\\tests\\\\test_waits.py', 8, 'Skipped: unconditional skip')\n", "test_name": "test_example_with_implicit_wait", "rerun": "0"}, "1": {"status": "SKIP", "message": "('C:\\\\Users\\\\feshv\\\\hillel_py\\\\lesson_29_separate_project\\\\tests\\\\test_waits.py', 16, 'Skipped: unconditional skip')\n", "test_name": "test_example_with_explicit_wait", "rerun": "0"}}, "status": {"total_pass": 0, "total_skip": 1, "total_xpass": 0, "total_xfail": 0, "total_rerun": 0, "total_fail": 0, "total_error": 0}}}}, "date": "December 01, 2024", "start_time": 1733073762.000429, "total_suite": 3, "status": "FAIL", "status_list": {"pass": "1", "fail": "1", "skip": "1", "error": "0", "xpass": "0", "xfail": "0", "rerun": "0"}, "total_tests": "3"}