{"content": {"suites": {"0": {"status": {"total_pass": 0, "total_skip": 0, "total_xpass": 0, "total_xfail": 0, "total_rerun": 0, "total_fail": 1, "total_error": 0}, "tests": {"0": {"status": "FAIL", "message": "   selenium.common.exceptions.NoSuchElementException: Message: no such element: Unable to locate element: {\"method\":\"css selector\",\"selector\":\"[id=\"circle\"]\"}\n     (Session info: chrome=131.0.6778.70); For documentation on this error, please visit: https://www.selenium.dev/documentation/webdriver/troubleshooting/errors#no-such-element-exception\n   Stacktrace:\n   \tGetHandleVerifier [0x00007FF7E3222775+28773]\n   \t(No symbol) [0x00007FF7E318AFB0]\n   \t(No symbol) [0x00007FF7E302552A]\n   \t(No symbol) [0x00007FF7E3078EAE]\n   \t(No symbol) [0x00007FF7E307919C]\n   \t(No symbol) [0x00007FF7E30C23F7]\n   \t(No symbol) [0x00007FF7E309EFDF]\n   \t(No symbol) [0x00007FF7E30BF1A4]\n   \t(No symbol) [0x00007FF7E309ED43]\n   \t(No symbol) [0x00007FF7E306A548]\n   \t(No symbol) [0x00007FF7E306B6B1]\n   \tGetHandleVerifier [0x00007FF7E354F45D+3358029]\n   \tGetHandleVerifier [0x00007FF7E356430D+3443709]\n   \tGetHandleVerifier [0x00007FF7E35583FD+3394797]\n   \tGetHandleVerifier [0x00007FF7E32E929B+842635]\n   \t(No symbol) [0x00007FF7E319654F]\n   \t(No symbol) [0x00007FF7E3191FA4]\n   \t(No symbol) [0x00007FF7E319213D]\n   \t(No symbol) [0x00007FF7E3181629]\n   \tBaseThreadInitThunk [0x00007FF9FA2B259D+29]\n   \tRtlUserThreadStart [0x00007FF9FC06AF38+40]\n", "test_name": "test_elements", "rerun": "0"}}, "suite_name": "lesson_26/tests/test_action_chains.py"}, "1": {"suite_name": "lesson_26/tests/test_demo.py", "tests": {"0": {"status": "FAIL", "message": "   selenium.common.exceptions.NoSuchElementException: Message: no such element: Unable to locate element: {\"method\":\"css selector\",\"selector\":\"[id=\"username\"]\"}\n     (Session info: chrome=131.0.6778.70); For documentation on this error, please visit: https://www.selenium.dev/documentation/webdriver/troubleshooting/errors#no-such-element-exception\n   Stacktrace:\n   \tGetHandleVerifier [0x00007FF7E3222775+28773]\n   \t(No symbol) [0x00007FF7E318AFB0]\n   \t(No symbol) [0x00007FF7E302552A]\n   \t(No symbol) [0x00007FF7E3078EAE]\n   \t(No symbol) [0x00007FF7E307919C]\n   \t(No symbol) [0x00007FF7E30C23F7]\n   \t(No symbol) [0x00007FF7E309EFDF]\n   \t(No symbol) [0x00007FF7E30BF1A4]\n   \t(No symbol) [0x00007FF7E309ED43]\n   \t(No symbol) [0x00007FF7E306A548]\n   \t(No symbol) [0x00007FF7E306B6B1]\n   \tGetHandleVerifier [0x00007FF7E354F45D+3358029]\n   \tGetHandleVerifier [0x00007FF7E356430D+3443709]\n   \tGetHandleVerifier [0x00007FF7E35583FD+3394797]\n   \tGetHandleVerifier [0x00007FF7E32E929B+842635]\n   \t(No symbol) [0x00007FF7E319654F]\n   \t(No symbol) [0x00007FF7E3191FA4]\n   \t(No symbol) [0x00007FF7E319213D]\n   \t(No symbol) [0x00007FF7E3181629]\n   \tBaseThreadInitThunk [0x00007FF9FA2B259D+29]\n   \tRtlUserThreadStart [0x00007FF9FC06AF38+40]\n", "test_name": "test_demo", "rerun": "0"}}, "status": {"total_pass": 0, "total_skip": 0, "total_xpass": 0, "total_xfail": 0, "total_rerun": 0, "total_fail": 1, "total_error": 0}}, "2": {"suite_name": "lesson_26/tests/test_dialog.py", "tests": {"0": {"status": "FAIL", "message": "   selenium.common.exceptions.NoSuchElementException: Message: no such element: Unable to locate element: {\"method\":\"xpath\",\"selector\":\"//button[text()='\u041f\u043e\u043a\u0430\u0437\u0430\u0442\u0438 Alert']\"}\n     (Session info: chrome=131.0.6778.70); For documentation on this error, please visit: https://www.selenium.dev/documentation/webdriver/troubleshooting/errors#no-such-element-exception\n   Stacktrace:\n   \tGetHandleVerifier [0x00007FF7E3222775+28773]\n   \t(No symbol) [0x00007FF7E318AFB0]\n   \t(No symbol) [0x00007FF7E302552A]\n   \t(No symbol) [0x00007FF7E3078EAE]\n   \t(No symbol) [0x00007FF7E307919C]\n   \t(No symbol) [0x00007FF7E30C23F7]\n   \t(No symbol) [0x00007FF7E309EFDF]\n   \t(No symbol) [0x00007FF7E30BF1A4]\n   \t(No symbol) [0x00007FF7E309ED43]\n   \t(No symbol) [0x00007FF7E306A548]\n   \t(No symbol) [0x00007FF7E306B6B1]\n   \tGetHandleVerifier [0x00007FF7E354F45D+3358029]\n   \tGetHandleVerifier [0x00007FF7E356430D+3443709]\n   \tGetHandleVerifier [0x00007FF7E35583FD+3394797]\n   \tGetHandleVerifier [0x00007FF7E32E929B+842635]\n   \t(No symbol) [0x00007FF7E319654F]\n   \t(No symbol) [0x00007FF7E3191FA4]\n   \t(No symbol) [0x00007FF7E319213D]\n   \t(No symbol) [0x00007FF7E3181629]\n   \tBaseThreadInitThunk [0x00007FF9FA2B259D+29]\n   \tRtlUserThreadStart [0x00007FF9FC06AF38+40]\n", "test_name": "test_dialog", "rerun": "0"}}, "status": {"total_pass": 0, "total_skip": 0, "total_xpass": 0, "total_xfail": 0, "total_rerun": 0, "total_fail": 1, "total_error": 0}}, "3": {"suite_name": "lesson_26/tests/test_drop_down.py", "tests": {"0": {"status": "FAIL", "message": "   selenium.common.exceptions.NoSuchElementException: Message: no such element: Unable to locate element: {\"method\":\"tag name\",\"selector\":\"button\"}\n     (Session info: chrome=131.0.6778.70); For documentation on this error, please visit: https://www.selenium.dev/documentation/webdriver/troubleshooting/errors#no-such-element-exception\n   Stacktrace:\n   \tGetHandleVerifier [0x00007FF7E3222775+28773]\n   \t(No symbol) [0x00007FF7E318AFB0]\n   \t(No symbol) [0x00007FF7E302552A]\n   \t(No symbol) [0x00007FF7E3078EAE]\n   \t(No symbol) [0x00007FF7E307919C]\n   \t(No symbol) [0x00007FF7E30C23F7]\n   \t(No symbol) [0x00007FF7E309EFDF]\n   \t(No symbol) [0x00007FF7E30BF1A4]\n   \t(No symbol) [0x00007FF7E309ED43]\n   \t(No symbol) [0x00007FF7E306A548]\n   \t(No symbol) [0x00007FF7E306B6B1]\n   \tGetHandleVerifier [0x00007FF7E354F45D+3358029]\n   \tGetHandleVerifier [0x00007FF7E356430D+3443709]\n   \tGetHandleVerifier [0x00007FF7E35583FD+3394797]\n   \tGetHandleVerifier [0x00007FF7E32E929B+842635]\n   \t(No symbol) [0x00007FF7E319654F]\n   \t(No symbol) [0x00007FF7E3191FA4]\n   \t(No symbol) [0x00007FF7E319213D]\n   \t(No symbol) [0x00007FF7E3181629]\n   \tBaseThreadInitThunk [0x00007FF9FA2B259D+29]\n   \tRtlUserThreadStart [0x00007FF9FC06AF38+40]\n", "test_name": "test_drop_down", "rerun": "0"}}, "status": {"total_pass": 0, "total_skip": 0, "total_xpass": 0, "total_xfail": 0, "total_rerun": 0, "total_fail": 1, "total_error": 0}}, "4": {"suite_name": "lesson_26/tests/test_elements.py", "tests": {"0": {"status": "FAIL", "message": "   selenium.common.exceptions.NoSuchElementException: Message: Unable to locate element: [id=\"username\"]; For documentation on this error, please visit: https://www.selenium.dev/documentation/webdriver/troubleshooting/errors#no-such-element-exception\n   Stacktrace:\n   RemoteError@chrome://remote/content/shared/RemoteError.sys.mjs:8:8\n   WebDriverError@chrome://remote/content/shared/webdriver/Errors.sys.mjs:193:5\n   NoSuchElementError@chrome://remote/content/shared/webdriver/Errors.sys.mjs:511:5\n   dom.find/</<@chrome://remote/content/shared/DOM.sys.mjs:136:16\n", "test_name": "test_elements", "rerun": "0"}}, "status": {"total_pass": 0, "total_skip": 0, "total_xpass": 0, "total_xfail": 0, "total_rerun": 0, "total_fail": 1, "total_error": 0}}, "5": {"suite_name": "lesson_26/tests/test_frame.py", "tests": {"0": {"status": "FAIL", "message": "   selenium.common.exceptions.NoSuchWindowException: Message: no such window: target window already closed\n   from unknown error: web view not found\n     (Session info: chrome=131.0.6778.70)\n   Stacktrace:\n   \tGetHandleVerifier [0x00007FF7E3222775+28773]\n   \t(No symbol) [0x00007FF7E318AFB0]\n   \t(No symbol) [0x00007FF7E302552A]\n   \t(No symbol) [0x00007FF7E2FFF2B5]\n   \t(No symbol) [0x00007FF7E30A5FD7]\n   \t(No symbol) [0x00007FF7E30BEA92]\n   \t(No symbol) [0x00007FF7E309ED43]\n   \t(No symbol) [0x00007FF7E306A548]\n   \t(No symbol) [0x00007FF7E306B6B1]\n   \tGetHandleVerifier [0x00007FF7E354F45D+3358029]\n   \tGetHandleVerifier [0x00007FF7E356430D+3443709]\n   \tGetHandleVerifier [0x00007FF7E35583FD+3394797]\n   \tGetHandleVerifier [0x00007FF7E32E929B+842635]\n   \t(No symbol) [0x00007FF7E319654F]\n   \t(No symbol) [0x00007FF7E3191FA4]\n   \t(No symbol) [0x00007FF7E319213D]\n   \t(No symbol) [0x00007FF7E3181629]\n   \tBaseThreadInitThunk [0x00007FF9FA2B259D+29]\n   \tRtlUserThreadStart [0x00007FF9FC06AF38+40]\n", "test_name": "test_frame", "rerun": "0"}}, "status": {"total_pass": 0, "total_skip": 0, "total_xpass": 0, "total_xfail": 0, "total_rerun": 0, "total_fail": 1, "total_error": 0}}, "6": {"suite_name": "lesson_26/tests/test_hw_26.py", "tests": {"0": {"status": "PASS", "message": "", "test_name": "test_frame_positive", "rerun": "0"}, "1": {"status": "PASS", "message": "", "test_name": "test_frame_negative", "rerun": "0"}}, "status": {"total_pass": 2, "total_skip": 0, "total_xpass": 0, "total_xfail": 0, "total_rerun": 0, "total_fail": 0, "total_error": 0}}, "7": {"suite_name": "lesson_26/tests/test_qa_auto.py", "tests": {"0": {"status": "PASS", "message": "", "test_name": "test_add_car", "rerun": "0"}}, "status": {"total_pass": 1, "total_skip": 0, "total_xpass": 0, "total_xfail": 0, "total_rerun": 0, "total_fail": 0, "total_error": 0}}}}, "date": "November 17, 2024", "start_time": 1731877234.211317, "total_suite": 8, "status": "FAIL", "status_list": {"pass": "3", "fail": "6", "skip": "0", "error": "0", "xpass": "0", "xfail": "0", "rerun": "0"}, "total_tests": "9"}